# JRE version: Java(TM) SE Runtime Environment (9.0+11) (build 9.0.4+11)
# Java VM: Java HotSpot(TM) 64-Bit Server VM (9.0.4+11, mixed mode, tiered, compressed oops, g1 gc, windows-amd64)
Heap:
 garbage-first heap   total 168960K, used 70186K [0x0000000700000000, 0x0000000700100528, 0x00000007c0000000)
  region size 1024K, 4 young (4096K), 1 survivors (1024K)
 Metaspace       used 81292K, capacity 87553K, committed 87836K, reserved 1124352K
  class space    used 11200K, capacity 12281K, committed 12316K, reserved 1048576K
GC Heap History (10 events):
Event: 456.414 GC heap before
{Heap before GC invocations=107 (full 25):
 garbage-first heap   total 168960K, used 128079K [0x0000000700000000, 0x0000000700100528, 0x00000007c0000000)
  region size 1024K, 60 young (61440K), 1 survivors (1024K)
 Metaspace       used 80963K, capacity 86911K, committed 86940K, reserved 1124352K
  class space    used 11140K, capacity 12170K, committed 12188K, reserved 1048576K
}
Event: 456.416 GC heap after
{Heap after GC invocations=108 (full 25):
 garbage-first heap   total 168960K, used 67717K [0x0000000700000000, 0x0000000700100528, 0x00000007c0000000)
  region size 1024K, 1 young (1024K), 1 survivors (1024K)
 Metaspace       used 80963K, capacity 86911K, committed 86940K, reserved 1124352K
  class space    used 11140K, capacity 12170K, committed 12188K, reserved 1048576K
}
Event: 460.197 GC heap before
{Heap before GC invocations=108 (full 25):
 garbage-first heap   total 168960K, used 128133K [0x0000000700000000, 0x0000000700100528, 0x00000007c0000000)
  region size 1024K, 60 young (61440K), 1 survivors (1024K)
 Metaspace       used 81001K, capacity 86917K, committed 86940K, reserved 1124352K
  class space    used 11142K, capacity 12171K, committed 12188K, reserved 1048576K
}
Event: 460.200 GC heap after
{Heap after GC invocations=109 (full 25):
 garbage-first heap   total 168960K, used 67821K [0x0000000700000000, 0x0000000700100528, 0x00000007c0000000)
  region size 1024K, 1 young (1024K), 1 survivors (1024K)
 Metaspace       used 81001K, capacity 86917K, committed 86940K, reserved 1124352K
  class space    used 11142K, capacity 12171K, committed 12188K, reserved 1048576K
}
Event: 464.671 GC heap before
{Heap before GC invocations=109 (full 25):
 garbage-first heap   total 168960K, used 128237K [0x0000000700000000, 0x0000000700100528, 0x00000007c0000000)
  region size 1024K, 60 young (61440K), 1 survivors (1024K)
 Metaspace       used 81226K, capacity 87483K, committed 87580K, reserved 1124352K
  class space    used 11200K, capacity 12280K, committed 12316K, reserved 1048576K
}
Event: 464.676 GC heap after
{Heap after GC invocations=110 (full 25):
 garbage-first heap   total 168960K, used 68182K [0x0000000700000000, 0x0000000700100528, 0x00000007c0000000)
  region size 1024K, 1 young (1024K), 1 survivors (1024K)
 Metaspace       used 81226K, capacity 87483K, committed 87580K, reserved 1124352K
  class space    used 11200K, capacity 12280K, committed 12316K, reserved 1048576K
}
Event: 509.844 GC heap before
{Heap before GC invocations=110 (full 25):
 garbage-first heap   total 168960K, used 128598K [0x0000000700000000, 0x0000000700100528, 0x00000007c0000000)
  region size 1024K, 60 young (61440K), 1 survivors (1024K)
 Metaspace       used 81274K, capacity 87483K, committed 87580K, reserved 1124352K
  class space    used 11200K, capacity 12280K, committed 12316K, reserved 1048576K
}
Event: 509.847 GC heap after
{Heap after GC invocations=111 (full 25):
 garbage-first heap   total 168960K, used 68110K [0x0000000700000000, 0x0000000700100528, 0x00000007c0000000)
  region size 1024K, 1 young (1024K), 1 survivors (1024K)
 Metaspace       used 81274K, capacity 87483K, committed 87580K, reserved 1124352K
  class space    used 11200K, capacity 12280K, committed 12316K, reserved 1048576K
}
Event: 511.104 GC heap before
{Heap before GC invocations=111 (full 25):
 garbage-first heap   total 168960K, used 128526K [0x0000000700000000, 0x0000000700100528, 0x00000007c0000000)
  region size 1024K, 60 young (61440K), 1 survivors (1024K)
 Metaspace       used 81292K, capacity 87553K, committed 87836K, reserved 1124352K
  class space    used 11200K, capacity 12281K, committed 12316K, reserved 1048576K
}
Event: 511.106 GC heap after
{Heap after GC invocations=112 (full 25):
 garbage-first heap   total 168960K, used 68138K [0x0000000700000000, 0x0000000700100528, 0x00000007c0000000)
  region size 1024K, 1 young (1024K), 1 survivors (1024K)
 Metaspace       used 81292K, capacity 87553K, committed 87836K, reserved 1124352K
  class space    used 11200K, capacity 12281K, committed 12316K, reserved 1048576K
}

