# JRE version: Java(TM) SE Runtime Environment (9.0+11) (build 9.0.4+11)
# Java VM: Java HotSpot(TM) 64-Bit Server VM (9.0.4+11, mixed mode, tiered, compressed oops, g1 gc, windows-amd64)
Heap:
 garbage-first heap   total 191488K, used 88383K [0x0000000700000000, 0x00000007001005d8, 0x00000007c0000000)
  region size 1024K, 31 young (31744K), 1 survivors (1024K)
 Metaspace       used 79250K, capacity 80711K, committed 88348K, reserved 1126400K
  class space    used 10369K, capacity 10722K, committed 12316K, reserved 1048576K
GC Heap History (10 events):
Event: 41955.835 GC heap before
{Heap before GC invocations=347 (full 71):
 garbage-first heap   total 191488K, used 118990K [0x0000000700000000, 0x00000007001005d8, 0x00000007c0000000)
  region size 1024K, 60 young (61440K), 1 survivors (1024K)
 Metaspace       used 79193K, capacity 80645K, committed 88348K, reserved 1126400K
  class space    used 10361K, capacity 10707K, committed 12316K, reserved 1048576K
}
Event: 41955.837 GC heap after
{Heap after GC invocations=348 (full 71):
 garbage-first heap   total 191488K, used 58548K [0x0000000700000000, 0x00000007001005d8, 0x00000007c0000000)
  region size 1024K, 1 young (1024K), 1 survivors (1024K)
 Metaspace       used 79193K, capacity 80645K, committed 88348K, reserved 1126400K
  class space    used 10361K, capacity 10707K, committed 12316K, reserved 1048576K
}
Event: 41956.061 GC heap before
{Heap before GC invocations=348 (full 71):
 garbage-first heap   total 191488K, used 118964K [0x0000000700000000, 0x00000007001005d8, 0x00000007c0000000)
  region size 1024K, 60 young (61440K), 1 survivors (1024K)
 Metaspace       used 79195K, capacity 80645K, committed 88348K, reserved 1126400K
  class space    used 10361K, capacity 10707K, committed 12316K, reserved 1048576K
}
Event: 41956.063 GC heap after
{Heap after GC invocations=349 (full 71):
 garbage-first heap   total 191488K, used 58572K [0x0000000700000000, 0x00000007001005d8, 0x00000007c0000000)
  region size 1024K, 1 young (1024K), 1 survivors (1024K)
 Metaspace       used 79195K, capacity 80645K, committed 88348K, reserved 1126400K
  class space    used 10361K, capacity 10707K, committed 12316K, reserved 1048576K
}
Event: 41957.420 GC heap before
{Heap before GC invocations=349 (full 71):
 garbage-first heap   total 191488K, used 78028K [0x0000000700000000, 0x00000007001005d8, 0x00000007c0000000)
  region size 1024K, 15 young (15360K), 1 survivors (1024K)
 Metaspace       used 79196K, capacity 80645K, committed 88348K, reserved 1126400K
  class space    used 10361K, capacity 10707K, committed 12316K, reserved 1048576K
}
Event: 41957.554 GC heap after
{Heap after GC invocations=350 (full 72):
 garbage-first heap   total 191488K, used 58010K [0x0000000700000000, 0x00000007001005d8, 0x00000007c0000000)
  region size 1024K, 0 young (0K), 0 survivors (0K)
 Metaspace       used 79196K, capacity 80645K, committed 88348K, reserved 1126400K
  class space    used 10361K, capacity 10707K, committed 12316K, reserved 1048576K
}
Event: 41957.867 GC heap before
{Heap before GC invocations=350 (full 72):
 garbage-first heap   total 191488K, used 119450K [0x0000000700000000, 0x00000007001005d8, 0x00000007c0000000)
  region size 1024K, 60 young (61440K), 0 survivors (0K)
 Metaspace       used 79200K, capacity 80645K, committed 88348K, reserved 1126400K
  class space    used 10361K, capacity 10707K, committed 12316K, reserved 1048576K
}
Event: 41957.869 GC heap after
{Heap after GC invocations=351 (full 72):
 garbage-first heap   total 191488K, used 58346K [0x0000000700000000, 0x00000007001005d8, 0x00000007c0000000)
  region size 1024K, 1 young (1024K), 1 survivors (1024K)
 Metaspace       used 79200K, capacity 80645K, committed 88348K, reserved 1126400K
  class space    used 10361K, capacity 10707K, committed 12316K, reserved 1048576K
}
Event: 41971.012 GC heap before
{Heap before GC invocations=351 (full 72):
 garbage-first heap   total 191488K, used 118762K [0x0000000700000000, 0x00000007001005d8, 0x00000007c0000000)
  region size 1024K, 60 young (61440K), 1 survivors (1024K)
 Metaspace       used 79222K, capacity 80645K, committed 88348K, reserved 1126400K
  class space    used 10361K, capacity 10707K, committed 12316K, reserved 1048576K
}
Event: 41971.014 GC heap after
{Heap after GC invocations=352 (full 72):
 garbage-first heap   total 191488K, used 58687K [0x0000000700000000, 0x00000007001005d8, 0x00000007c0000000)
  region size 1024K, 1 young (1024K), 1 survivors (1024K)
 Metaspace       used 79222K, capacity 80645K, committed 88348K, reserved 1126400K
  class space    used 10361K, capacity 10707K, committed 12316K, reserved 1048576K
}

