# JRE version: Java(TM) SE Runtime Environment (9.0+11) (build 9.0.4+11)
# Java VM: Java HotSpot(TM) 64-Bit Server VM (9.0.4+11, mixed mode, tiered, compressed oops, g1 gc, windows-amd64)
Heap:
 garbage-first heap   total 187392K, used 64516K [0x0000000700000000, 0x00000007001005b8, 0x00000007c0000000)
  region size 1024K, 8 young (8192K), 1 survivors (1024K)
 Metaspace       used 79244K, capacity 80985K, committed 87376K, reserved 1124352K
  class space    used 10354K, capacity 10737K, committed 12112K, reserved 1048576K
GC Heap History (10 events):
Event: 38324.776 GC heap before
{Heap before GC invocations=490 (full 248):
 garbage-first heap   total 187392K, used 62551K [0x0000000700000000, 0x00000007001005b8, 0x00000007c0000000)
  region size 1024K, 4 young (4096K), 0 survivors (0K)
 Metaspace       used 79181K, capacity 80915K, committed 87376K, reserved 1124352K
  class space    used 10354K, capacity 10736K, committed 12112K, reserved 1048576K
}
Event: 38324.890 GC heap after
{Heap after GC invocations=491 (full 249):
 garbage-first heap   total 187392K, used 57432K [0x0000000700000000, 0x00000007001005b8, 0x00000007c0000000)
  region size 1024K, 0 young (0K), 0 survivors (0K)
 Metaspace       used 79181K, capacity 80915K, committed 87376K, reserved 1124352K
  class space    used 10354K, capacity 10736K, committed 12112K, reserved 1048576K
}
Event: 38333.324 GC heap before
{Heap before GC invocations=491 (full 249):
 garbage-first heap   total 187392K, used 66648K [0x0000000700000000, 0x00000007001005b8, 0x00000007c0000000)
  region size 1024K, 6 young (6144K), 0 survivors (0K)
 Metaspace       used 79181K, capacity 80915K, committed 87376K, reserved 1124352K
  class space    used 10354K, capacity 10736K, committed 12112K, reserved 1048576K
}
Event: 38333.440 GC heap after
{Heap after GC invocations=492 (full 250):
 garbage-first heap   total 187392K, used 57473K [0x0000000700000000, 0x00000007001005b8, 0x00000007c0000000)
  region size 1024K, 0 young (0K), 0 survivors (0K)
 Metaspace       used 79181K, capacity 80915K, committed 87376K, reserved 1124352K
  class space    used 10354K, capacity 10736K, committed 12112K, reserved 1048576K
}
Event: 38350.307 GC heap before
{Heap before GC invocations=492 (full 250):
 garbage-first heap   total 187392K, used 118913K [0x0000000700000000, 0x00000007001005b8, 0x00000007c0000000)
  region size 1024K, 60 young (61440K), 0 survivors (0K)
 Metaspace       used 79216K, capacity 80921K, committed 87376K, reserved 1124352K
  class space    used 10354K, capacity 10737K, committed 12112K, reserved 1048576K
}
Event: 38350.312 GC heap after
{Heap after GC invocations=493 (full 250):
 garbage-first heap   total 187392K, used 58399K [0x0000000700000000, 0x00000007001005b8, 0x00000007c0000000)
  region size 1024K, 1 young (1024K), 1 survivors (1024K)
 Metaspace       used 79216K, capacity 80921K, committed 87376K, reserved 1124352K
  class space    used 10354K, capacity 10737K, committed 12112K, reserved 1048576K
}
Event: 38351.817 GC heap before
{Heap before GC invocations=493 (full 250):
 garbage-first heap   total 187392K, used 118815K [0x0000000700000000, 0x00000007001005b8, 0x00000007c0000000)
  region size 1024K, 60 young (61440K), 1 survivors (1024K)
 Metaspace       used 79218K, capacity 80921K, committed 87376K, reserved 1124352K
  class space    used 10354K, capacity 10737K, committed 12112K, reserved 1048576K
}
Event: 38351.819 GC heap after
{Heap after GC invocations=494 (full 250):
 garbage-first heap   total 187392K, used 58171K [0x0000000700000000, 0x00000007001005b8, 0x00000007c0000000)
  region size 1024K, 1 young (1024K), 1 survivors (1024K)
 Metaspace       used 79218K, capacity 80921K, committed 87376K, reserved 1124352K
  class space    used 10354K, capacity 10737K, committed 12112K, reserved 1048576K
}
Event: 38353.026 GC heap before
{Heap before GC invocations=494 (full 250):
 garbage-first heap   total 187392K, used 118587K [0x0000000700000000, 0x00000007001005b8, 0x00000007c0000000)
  region size 1024K, 60 young (61440K), 1 survivors (1024K)
 Metaspace       used 79244K, capacity 80985K, committed 87376K, reserved 1124352K
  class space    used 10354K, capacity 10737K, committed 12112K, reserved 1048576K
}
Event: 38353.029 GC heap after
{Heap after GC invocations=495 (full 250):
 garbage-first heap   total 187392K, used 58372K [0x0000000700000000, 0x00000007001005b8, 0x00000007c0000000)
  region size 1024K, 1 young (1024K), 1 survivors (1024K)
 Metaspace       used 79244K, capacity 80985K, committed 87376K, reserved 1124352K
  class space    used 10354K, capacity 10737K, committed 12112K, reserved 1048576K
}

