# JRE version: Java(TM) SE Runtime Environment (9.0+11) (build 9.0.4+11)
# Java VM: Java HotSpot(TM) 64-Bit Server VM (9.0.4+11, mixed mode, tiered, compressed oops, g1 gc, windows-amd64)
Heap:
 garbage-first heap   total 193536K, used 106630K [0x0000000700000000, 0x00000007001005e8, 0x00000007c0000000)
  region size 1024K, 40 young (40960K), 1 survivors (1024K)
 Metaspace       used 85288K, capacity 88477K, committed 92412K, reserved 1128448K
  class space    used 11369K, capacity 11983K, committed 12796K, reserved 1048576K
GC Heap History (10 events):
Event: 18745.824 GC heap before
{Heap before GC invocations=385 (full 40):
 garbage-first heap   total 193536K, used 130069K [0x0000000700000000, 0x00000007001005e8, 0x00000007c0000000)
  region size 1024K, 60 young (61440K), 1 survivors (1024K)
 Metaspace       used 85281K, capacity 88477K, committed 92412K, reserved 1128448K
  class space    used 11369K, capacity 11983K, committed 12796K, reserved 1048576K
}
Event: 18745.827 GC heap after
{Heap after GC invocations=386 (full 40):
 garbage-first heap   total 193536K, used 69780K [0x0000000700000000, 0x00000007001005e8, 0x00000007c0000000)
  region size 1024K, 1 young (1024K), 1 survivors (1024K)
 Metaspace       used 85281K, capacity 88477K, committed 92412K, reserved 1128448K
  class space    used 11369K, capacity 11983K, committed 12796K, reserved 1048576K
}
Event: 18763.749 GC heap before
{Heap before GC invocations=386 (full 40):
 garbage-first heap   total 193536K, used 118932K [0x0000000700000000, 0x00000007001005e8, 0x00000007c0000000)
  region size 1024K, 50 young (51200K), 1 survivors (1024K)
 Metaspace       used 85282K, capacity 88477K, committed 92412K, reserved 1128448K
  class space    used 11369K, capacity 11983K, committed 12796K, reserved 1048576K
}
Event: 18763.912 GC heap after
{Heap after GC invocations=387 (full 41):
 garbage-first heap   total 193536K, used 67008K [0x0000000700000000, 0x00000007001005e8, 0x00000007c0000000)
  region size 1024K, 0 young (0K), 0 survivors (0K)
 Metaspace       used 85282K, capacity 88477K, committed 92412K, reserved 1128448K
  class space    used 11369K, capacity 11983K, committed 12796K, reserved 1048576K
}
Event: 18779.335 GC heap before
{Heap before GC invocations=387 (full 41):
 garbage-first heap   total 193536K, used 128448K [0x0000000700000000, 0x00000007001005e8, 0x00000007c0000000)
  region size 1024K, 60 young (61440K), 0 survivors (0K)
 Metaspace       used 85282K, capacity 88477K, committed 92412K, reserved 1128448K
  class space    used 11369K, capacity 11983K, committed 12796K, reserved 1048576K
}
Event: 18779.337 GC heap after
{Heap after GC invocations=388 (full 41):
 garbage-first heap   total 193536K, used 67412K [0x0000000700000000, 0x00000007001005e8, 0x00000007c0000000)
  region size 1024K, 1 young (1024K), 1 survivors (1024K)
 Metaspace       used 85282K, capacity 88477K, committed 92412K, reserved 1128448K
  class space    used 11369K, capacity 11983K, committed 12796K, reserved 1048576K
}
Event: 18810.381 GC heap before
{Heap before GC invocations=388 (full 41):
 garbage-first heap   total 193536K, used 127828K [0x0000000700000000, 0x00000007001005e8, 0x00000007c0000000)
  region size 1024K, 60 young (61440K), 1 survivors (1024K)
 Metaspace       used 85285K, capacity 88477K, committed 92412K, reserved 1128448K
  class space    used 11369K, capacity 11983K, committed 12796K, reserved 1048576K
}
Event: 18810.383 GC heap after
{Heap after GC invocations=389 (full 41):
 garbage-first heap   total 193536K, used 67597K [0x0000000700000000, 0x00000007001005e8, 0x00000007c0000000)
  region size 1024K, 1 young (1024K), 1 survivors (1024K)
 Metaspace       used 85285K, capacity 88477K, committed 92412K, reserved 1128448K
  class space    used 11369K, capacity 11983K, committed 12796K, reserved 1048576K
}
Event: 18811.461 GC heap before
{Heap before GC invocations=389 (full 41):
 garbage-first heap   total 193536K, used 128013K [0x0000000700000000, 0x00000007001005e8, 0x00000007c0000000)
  region size 1024K, 60 young (61440K), 1 survivors (1024K)
 Metaspace       used 85286K, capacity 88477K, committed 92412K, reserved 1128448K
  class space    used 11369K, capacity 11983K, committed 12796K, reserved 1048576K
}
Event: 18811.463 GC heap after
{Heap after GC invocations=390 (full 41):
 garbage-first heap   total 193536K, used 67718K [0x0000000700000000, 0x00000007001005e8, 0x00000007c0000000)
  region size 1024K, 1 young (1024K), 1 survivors (1024K)
 Metaspace       used 85286K, capacity 88477K, committed 92412K, reserved 1128448K
  class space    used 11369K, capacity 11983K, committed 12796K, reserved 1048576K
}

