# JRE version: Java(TM) SE Runtime Environment (9.0+11) (build 9.0.4+11)
# Java VM: Java HotSpot(TM) 64-Bit Server VM (9.0.4+11, mixed mode, tiered, compressed oops, g1 gc, windows-amd64)
Heap:
 garbage-first heap   total 184320K, used 100029K [0x0000000700000000, 0x00000007001005a0, 0x00000007c0000000)
  region size 1024K, 39 young (39936K), 2 survivors (2048K)
 Metaspace       used 76604K, capacity 81535K, committed 81584K, reserved 1120256K
  class space    used 10787K, capacity 11680K, committed 11696K, reserved 1048576K
GC Heap History (10 events):
Event: 34.774 GC heap before
{Heap before GC invocations=32 (full 2):
 garbage-first heap   total 184320K, used 122519K [0x0000000700000000, 0x00000007001005a0, 0x00000007c0000000)
  region size 1024K, 60 young (61440K), 2 survivors (2048K)
 Metaspace       used 75658K, capacity 80559K, committed 80816K, reserved 1118208K
  class space    used 10710K, capacity 11582K, committed 11696K, reserved 1048576K
}
Event: 34.777 GC heap after
{Heap after GC invocations=33 (full 2):
 garbage-first heap   total 184320K, used 63253K [0x0000000700000000, 0x00000007001005a0, 0x00000007c0000000)
  region size 1024K, 3 young (3072K), 3 survivors (3072K)
 Metaspace       used 75658K, capacity 80559K, committed 80816K, reserved 1118208K
  class space    used 10710K, capacity 11582K, committed 11696K, reserved 1048576K
}
Event: 35.133 GC heap before
{Heap before GC invocations=33 (full 2):
 garbage-first heap   total 184320K, used 121621K [0x0000000700000000, 0x00000007001005a0, 0x00000007c0000000)
  region size 1024K, 60 young (61440K), 3 survivors (3072K)
 Metaspace       used 75801K, capacity 80765K, committed 81072K, reserved 1118208K
  class space    used 10728K, capacity 11615K, committed 11696K, reserved 1048576K
}
Event: 35.136 GC heap after
{Heap after GC invocations=34 (full 2):
 garbage-first heap   total 184320K, used 63083K [0x0000000700000000, 0x00000007001005a0, 0x00000007c0000000)
  region size 1024K, 2 young (2048K), 2 survivors (2048K)
 Metaspace       used 75801K, capacity 80765K, committed 81072K, reserved 1118208K
  class space    used 10728K, capacity 11615K, committed 11696K, reserved 1048576K
}
Event: 39.184 GC heap before
{Heap before GC invocations=34 (full 2):
 garbage-first heap   total 184320K, used 119403K [0x0000000700000000, 0x00000007001005a0, 0x00000007c0000000)
  region size 1024K, 58 young (59392K), 2 survivors (2048K)
 Metaspace       used 76029K, capacity 80957K, committed 81072K, reserved 1118208K
  class space    used 10743K, capacity 11615K, committed 11696K, reserved 1048576K
}
Event: 39.348 GC heap after
{Heap after GC invocations=35 (full 3):
 garbage-first heap   total 184320K, used 62243K [0x0000000700000000, 0x00000007001005a0, 0x00000007c0000000)
  region size 1024K, 0 young (0K), 0 survivors (0K)
 Metaspace       used 76029K, capacity 80957K, committed 81072K, reserved 1118208K
  class space    used 10743K, capacity 11615K, committed 11696K, reserved 1048576K
}
Event: 41.151 GC heap before
{Heap before GC invocations=35 (full 3):
 garbage-first heap   total 184320K, used 65315K [0x0000000700000000, 0x00000007001005a0, 0x00000007c0000000)
  region size 1024K, 4 young (4096K), 0 survivors (0K)
 Metaspace       used 76099K, capacity 81021K, committed 81328K, reserved 1118208K
  class space    used 10743K, capacity 11615K, committed 11696K, reserved 1048576K
}
Event: 41.287 GC heap after
{Heap after GC invocations=36 (full 4):
 garbage-first heap   total 184320K, used 62008K [0x0000000700000000, 0x00000007001005a0, 0x00000007c0000000)
  region size 1024K, 0 young (0K), 0 survivors (0K)
 Metaspace       used 76099K, capacity 81021K, committed 81328K, reserved 1118208K
  class space    used 10743K, capacity 11615K, committed 11696K, reserved 1048576K
}
Event: 56.260 GC heap before
{Heap before GC invocations=36 (full 4):
 garbage-first heap   total 184320K, used 123448K [0x0000000700000000, 0x00000007001005a0, 0x00000007c0000000)
  region size 1024K, 60 young (61440K), 0 survivors (0K)
 Metaspace       used 76573K, capacity 81535K, committed 81584K, reserved 1120256K
  class space    used 10787K, capacity 11680K, committed 11696K, reserved 1048576K
}
Event: 56.263 GC heap after
{Heap after GC invocations=37 (full 4):
 garbage-first heap   total 184320K, used 63165K [0x0000000700000000, 0x00000007001005a0, 0x00000007c0000000)
  region size 1024K, 2 young (2048K), 2 survivors (2048K)
 Metaspace       used 76573K, capacity 81535K, committed 81584K, reserved 1120256K
  class space    used 10787K, capacity 11680K, committed 11696K, reserved 1048576K
}

