# JRE version: Java(TM) SE Runtime Environment (9.0+11) (build 9.0.4+11)
# Java VM: Java HotSpot(TM) 64-Bit Server VM (9.0.4+11, mixed mode, tiered, compressed oops, g1 gc, windows-amd64)
Heap:
 garbage-first heap   total 201728K, used 108465K [0x0000000700000000, 0x0000000700100628, 0x00000007c0000000)
  region size 1024K, 46 young (47104K), 1 survivors (1024K)
 Metaspace       used 81760K, capacity 84081K, committed 90960K, reserved 1128448K
  class space    used 10777K, capacity 11271K, committed 12668K, reserved 1048576K
GC Heap History (10 events):
Event: 3562.847 GC heap before
{Heap before GC invocations=282 (full 28):
 garbage-first heap   total 201728K, used 123598K [0x0000000700000000, 0x0000000700100628, 0x00000007c0000000)
  region size 1024K, 60 young (61440K), 1 survivors (1024K)
 Metaspace       used 81749K, capacity 84081K, committed 90960K, reserved 1128448K
  class space    used 10777K, capacity 11271K, committed 12668K, reserved 1048576K
}
Event: 3562.849 GC heap after
{Heap after GC invocations=283 (full 28):
 garbage-first heap   total 201728K, used 63158K [0x0000000700000000, 0x0000000700100628, 0x00000007c0000000)
  region size 1024K, 1 young (1024K), 1 survivors (1024K)
 Metaspace       used 81749K, capacity 84081K, committed 90960K, reserved 1128448K
  class space    used 10777K, capacity 11271K, committed 12668K, reserved 1048576K
}
Event: 3572.834 GC heap before
{Heap before GC invocations=283 (full 28):
 garbage-first heap   total 201728K, used 123574K [0x0000000700000000, 0x0000000700100628, 0x00000007c0000000)
  region size 1024K, 60 young (61440K), 1 survivors (1024K)
 Metaspace       used 81751K, capacity 84081K, committed 90960K, reserved 1128448K
  class space    used 10777K, capacity 11271K, committed 12668K, reserved 1048576K
}
Event: 3572.836 GC heap after
{Heap after GC invocations=284 (full 28):
 garbage-first heap   total 201728K, used 63584K [0x0000000700000000, 0x0000000700100628, 0x00000007c0000000)
  region size 1024K, 1 young (1024K), 1 survivors (1024K)
 Metaspace       used 81751K, capacity 84081K, committed 90960K, reserved 1128448K
  class space    used 10777K, capacity 11271K, committed 12668K, reserved 1048576K
}
Event: 3573.015 GC heap before
{Heap before GC invocations=284 (full 28):
 garbage-first heap   total 201728K, used 124000K [0x0000000700000000, 0x0000000700100628, 0x00000007c0000000)
  region size 1024K, 60 young (61440K), 1 survivors (1024K)
 Metaspace       used 81751K, capacity 84081K, committed 90960K, reserved 1128448K
  class space    used 10777K, capacity 11271K, committed 12668K, reserved 1048576K
}
Event: 3573.017 GC heap after
{Heap after GC invocations=285 (full 28):
 garbage-first heap   total 201728K, used 63636K [0x0000000700000000, 0x0000000700100628, 0x00000007c0000000)
  region size 1024K, 1 young (1024K), 1 survivors (1024K)
 Metaspace       used 81751K, capacity 84081K, committed 90960K, reserved 1128448K
  class space    used 10777K, capacity 11271K, committed 12668K, reserved 1048576K
}
Event: 3574.859 GC heap before
{Heap before GC invocations=285 (full 28):
 garbage-first heap   total 201728K, used 124052K [0x0000000700000000, 0x0000000700100628, 0x00000007c0000000)
  region size 1024K, 60 young (61440K), 1 survivors (1024K)
 Metaspace       used 81759K, capacity 84081K, committed 90960K, reserved 1128448K
  class space    used 10777K, capacity 11271K, committed 12668K, reserved 1048576K
}
Event: 3574.862 GC heap after
{Heap after GC invocations=286 (full 28):
 garbage-first heap   total 201728K, used 63364K [0x0000000700000000, 0x0000000700100628, 0x00000007c0000000)
  region size 1024K, 1 young (1024K), 1 survivors (1024K)
 Metaspace       used 81759K, capacity 84081K, committed 90960K, reserved 1128448K
  class space    used 10777K, capacity 11271K, committed 12668K, reserved 1048576K
}
Event: 3576.047 GC heap before
{Heap before GC invocations=286 (full 28):
 garbage-first heap   total 201728K, used 123780K [0x0000000700000000, 0x0000000700100628, 0x00000007c0000000)
  region size 1024K, 60 young (61440K), 1 survivors (1024K)
 Metaspace       used 81759K, capacity 84081K, committed 90960K, reserved 1128448K
  class space    used 10777K, capacity 11271K, committed 12668K, reserved 1048576K
}
Event: 3576.049 GC heap after
{Heap after GC invocations=287 (full 28):
 garbage-first heap   total 201728K, used 63409K [0x0000000700000000, 0x0000000700100628, 0x00000007c0000000)
  region size 1024K, 1 young (1024K), 1 survivors (1024K)
 Metaspace       used 81759K, capacity 84081K, committed 90960K, reserved 1128448K
  class space    used 10777K, capacity 11271K, committed 12668K, reserved 1048576K
}

