# JRE version: Java(TM) SE Runtime Environment (9.0+11) (build 9.0.4+11)
# Java VM: Java HotSpot(TM) 64-Bit Server VM (9.0.4+11, mixed mode, tiered, compressed oops, g1 gc, windows-amd64)
Heap:
 garbage-first heap   total 187392K, used 108038K [0x0000000700000000, 0x00000007001005b8, 0x00000007c0000000)
  region size 1024K, 30 young (30720K), 1 survivors (1024K)
 Metaspace       used 85679K, capacity 87851K, committed 94896K, reserved 1130496K
  class space    used 11282K, capacity 11750K, committed 13232K, reserved 1048576K
GC Heap History (10 events):
Event: 5164.913 GC heap before
{Heap before GC invocations=687 (full 270):
 garbage-first heap   total 187392K, used 100579K [0x0000000700000000, 0x00000007001005b8, 0x00000007c0000000)
  region size 1024K, 23 young (23552K), 1 survivors (1024K)
 Metaspace       used 85678K, capacity 87851K, committed 94896K, reserved 1130496K
  class space    used 11282K, capacity 11750K, committed 13232K, reserved 1048576K
}
Event: 5165.073 GC heap after
{Heap after GC invocations=688 (full 271):
 garbage-first heap   total 187392K, used 78584K [0x0000000700000000, 0x00000007001005b8, 0x00000007c0000000)
  region size 1024K, 0 young (0K), 0 survivors (0K)
 Metaspace       used 85678K, capacity 87851K, committed 94896K, reserved 1130496K
  class space    used 11282K, capacity 11750K, committed 13232K, reserved 1048576K
}
Event: 5166.535 GC heap before
{Heap before GC invocations=688 (full 271):
 garbage-first heap   total 187392K, used 140024K [0x0000000700000000, 0x00000007001005b8, 0x00000007c0000000)
  region size 1024K, 60 young (61440K), 0 survivors (0K)
 Metaspace       used 85679K, capacity 87851K, committed 94896K, reserved 1130496K
  class space    used 11282K, capacity 11750K, committed 13232K, reserved 1048576K
}
Event: 5166.536 GC heap after
{Heap after GC invocations=689 (full 271):
 garbage-first heap   total 187392K, used 78988K [0x0000000700000000, 0x00000007001005b8, 0x00000007c0000000)
  region size 1024K, 1 young (1024K), 1 survivors (1024K)
 Metaspace       used 85679K, capacity 87851K, committed 94896K, reserved 1130496K
  class space    used 11282K, capacity 11750K, committed 13232K, reserved 1048576K
}
Event: 5235.385 GC heap before
{Heap before GC invocations=689 (full 271):
 garbage-first heap   total 187392K, used 139404K [0x0000000700000000, 0x00000007001005b8, 0x00000007c0000000)
  region size 1024K, 60 young (61440K), 1 survivors (1024K)
 Metaspace       used 85679K, capacity 87851K, committed 94896K, reserved 1130496K
  class space    used 11282K, capacity 11750K, committed 13232K, reserved 1048576K
}
Event: 5235.387 GC heap after
{Heap after GC invocations=690 (full 271):
 garbage-first heap   total 187392K, used 79628K [0x0000000700000000, 0x00000007001005b8, 0x00000007c0000000)
  region size 1024K, 2 young (2048K), 2 survivors (2048K)
 Metaspace       used 85679K, capacity 87851K, committed 94896K, reserved 1130496K
  class space    used 11282K, capacity 11750K, committed 13232K, reserved 1048576K
}
Event: 5235.558 GC heap before
{Heap before GC invocations=690 (full 271):
 garbage-first heap   total 187392K, used 139020K [0x0000000700000000, 0x00000007001005b8, 0x00000007c0000000)
  region size 1024K, 60 young (61440K), 2 survivors (2048K)
 Metaspace       used 85679K, capacity 87851K, committed 94896K, reserved 1130496K
  class space    used 11282K, capacity 11750K, committed 13232K, reserved 1048576K
}
Event: 5235.560 GC heap after
{Heap after GC invocations=691 (full 271):
 garbage-first heap   total 187392K, used 79137K [0x0000000700000000, 0x00000007001005b8, 0x00000007c0000000)
  region size 1024K, 1 young (1024K), 1 survivors (1024K)
 Metaspace       used 85679K, capacity 87851K, committed 94896K, reserved 1130496K
  class space    used 11282K, capacity 11750K, committed 13232K, reserved 1048576K
}
Event: 5236.916 GC heap before
{Heap before GC invocations=691 (full 271):
 garbage-first heap   total 187392K, used 139553K [0x0000000700000000, 0x00000007001005b8, 0x00000007c0000000)
  region size 1024K, 60 young (61440K), 1 survivors (1024K)
 Metaspace       used 85679K, capacity 87851K, committed 94896K, reserved 1130496K
  class space    used 11282K, capacity 11750K, committed 13232K, reserved 1048576K
}
Event: 5236.918 GC heap after
{Heap after GC invocations=692 (full 271):
 garbage-first heap   total 187392K, used 79366K [0x0000000700000000, 0x00000007001005b8, 0x00000007c0000000)
  region size 1024K, 1 young (1024K), 1 survivors (1024K)
 Metaspace       used 85679K, capacity 87851K, committed 94896K, reserved 1130496K
  class space    used 11282K, capacity 11750K, committed 13232K, reserved 1048576K
}

