# JRE version: Java(TM) SE Runtime Environment (9.0+11) (build 9.0.4+11)
# Java VM: Java HotSpot(TM) 64-Bit Server VM (9.0.4+11, mixed mode, tiered, compressed oops, g1 gc, windows-amd64)
Heap:
 garbage-first heap   total 186368K, used 85497K [0x00000004d5400000, 0x00000004d55005b0, 0x0000000595400000)
  region size 1024K, 19 young (19456K), 1 survivors (1024K)
 Metaspace       used 80341K, capacity 85615K, committed 85808K, reserved 1124352K
  class space    used 10876K, capacity 11792K, committed 11824K, reserved 1048576K
GC Heap History (10 events):
Event: 2230.030 GC heap before
{Heap before GC invocations=142 (full 20):
 garbage-first heap   total 186368K, used 127612K [0x00000004d5400000, 0x00000004d55005b0, 0x0000000595400000)
  region size 1024K, 60 young (61440K), 2 survivors (2048K)
 Metaspace       used 80266K, capacity 85487K, committed 85552K, reserved 1122304K
  class space    used 10876K, capacity 11792K, committed 11824K, reserved 1048576K
}
Event: 2230.033 GC heap after
{Heap after GC invocations=143 (full 20):
 garbage-first heap   total 186368K, used 68179K [0x00000004d5400000, 0x00000004d55005b0, 0x0000000595400000)
  region size 1024K, 2 young (2048K), 2 survivors (2048K)
 Metaspace       used 80266K, capacity 85487K, committed 85552K, reserved 1122304K
  class space    used 10876K, capacity 11792K, committed 11824K, reserved 1048576K
}
Event: 2230.353 GC heap before
{Heap before GC invocations=143 (full 20):
 garbage-first heap   total 186368K, used 122451K [0x00000004d5400000, 0x00000004d55005b0, 0x0000000595400000)
  region size 1024K, 56 young (57344K), 2 survivors (2048K)
 Metaspace       used 80270K, capacity 85487K, committed 85552K, reserved 1122304K
  class space    used 10876K, capacity 11792K, committed 11824K, reserved 1048576K
}
Event: 2230.506 GC heap after
{Heap after GC invocations=144 (full 21):
 garbage-first heap   total 186368K, used 67424K [0x00000004d5400000, 0x00000004d55005b0, 0x0000000595400000)
  region size 1024K, 0 young (0K), 0 survivors (0K)
 Metaspace       used 80270K, capacity 85487K, committed 85552K, reserved 1122304K
  class space    used 10876K, capacity 11792K, committed 11824K, reserved 1048576K
}
Event: 2304.970 GC heap before
{Heap before GC invocations=144 (full 21):
 garbage-first heap   total 186368K, used 128864K [0x00000004d5400000, 0x00000004d55005b0, 0x0000000595400000)
  region size 1024K, 60 young (61440K), 0 survivors (0K)
 Metaspace       used 80275K, capacity 85487K, committed 85552K, reserved 1122304K
  class space    used 10876K, capacity 11792K, committed 11824K, reserved 1048576K
}
Event: 2304.974 GC heap after
{Heap after GC invocations=145 (full 21):
 garbage-first heap   total 186368K, used 67964K [0x00000004d5400000, 0x00000004d55005b0, 0x0000000595400000)
  region size 1024K, 1 young (1024K), 1 survivors (1024K)
 Metaspace       used 80275K, capacity 85487K, committed 85552K, reserved 1122304K
  class space    used 10876K, capacity 11792K, committed 11824K, reserved 1048576K
}
Event: 2306.214 GC heap before
{Heap before GC invocations=145 (full 21):
 garbage-first heap   total 186368K, used 128380K [0x00000004d5400000, 0x00000004d55005b0, 0x0000000595400000)
  region size 1024K, 60 young (61440K), 1 survivors (1024K)
 Metaspace       used 80289K, capacity 85487K, committed 85552K, reserved 1122304K
  class space    used 10876K, capacity 11792K, committed 11824K, reserved 1048576K
}
Event: 2306.216 GC heap after
{Heap after GC invocations=146 (full 21):
 garbage-first heap   total 186368K, used 68521K [0x00000004d5400000, 0x00000004d55005b0, 0x0000000595400000)
  region size 1024K, 2 young (2048K), 2 survivors (2048K)
 Metaspace       used 80289K, capacity 85487K, committed 85552K, reserved 1122304K
  class space    used 10876K, capacity 11792K, committed 11824K, reserved 1048576K
}
Event: 2307.624 GC heap before
{Heap before GC invocations=146 (full 21):
 garbage-first heap   total 186368K, used 127913K [0x00000004d5400000, 0x00000004d55005b0, 0x0000000595400000)
  region size 1024K, 60 young (61440K), 2 survivors (2048K)
 Metaspace       used 80338K, capacity 85615K, committed 85808K, reserved 1124352K
  class space    used 10876K, capacity 11792K, committed 11824K, reserved 1048576K
}
Event: 2307.626 GC heap after
{Heap after GC invocations=147 (full 21):
 garbage-first heap   total 186368K, used 68089K [0x00000004d5400000, 0x00000004d55005b0, 0x0000000595400000)
  region size 1024K, 1 young (1024K), 1 survivors (1024K)
 Metaspace       used 80338K, capacity 85615K, committed 85808K, reserved 1124352K
  class space    used 10876K, capacity 11792K, committed 11824K, reserved 1048576K
}

