# JRE version: Java(TM) SE Runtime Environment (9.0+11) (build 9.0.4+11)
# Java VM: Java HotSpot(TM) 64-Bit Server VM (9.0.4+11, mixed mode, tiered, compressed oops, g1 gc, windows-amd64)
Heap:
 garbage-first heap   total 205824K, used 118793K [0x0000000700000000, 0x0000000700100648, 0x00000007c0000000)
  region size 1024K, 47 young (48128K), 1 survivors (1024K)
 Metaspace       used 79805K, capacity 85067K, committed 85296K, reserved 1122304K
  class space    used 10883K, capacity 11816K, committed 11824K, reserved 1048576K
GC Heap History (10 events):
Event: 1916.003 GC heap before
{Heap before GC invocations=119 (full 29):
 garbage-first heap   total 205824K, used 133016K [0x0000000700000000, 0x0000000700100648, 0x00000007c0000000)
  region size 1024K, 60 young (61440K), 1 survivors (1024K)
 Metaspace       used 79756K, capacity 84939K, committed 85040K, reserved 1122304K
  class space    used 10883K, capacity 11816K, committed 11824K, reserved 1048576K
}
Event: 1916.005 GC heap after
{Heap after GC invocations=120 (full 29):
 garbage-first heap   total 205824K, used 72496K [0x0000000700000000, 0x0000000700100648, 0x00000007c0000000)
  region size 1024K, 1 young (1024K), 1 survivors (1024K)
 Metaspace       used 79756K, capacity 84939K, committed 85040K, reserved 1122304K
  class space    used 10883K, capacity 11816K, committed 11824K, reserved 1048576K
}
Event: 1921.979 GC heap before
{Heap before GC invocations=120 (full 29):
 garbage-first heap   total 205824K, used 132912K [0x0000000700000000, 0x0000000700100648, 0x00000007c0000000)
  region size 1024K, 60 young (61440K), 1 survivors (1024K)
 Metaspace       used 79763K, capacity 84939K, committed 85040K, reserved 1122304K
  class space    used 10883K, capacity 11816K, committed 11824K, reserved 1048576K
}
Event: 1921.981 GC heap after
{Heap after GC invocations=121 (full 29):
 garbage-first heap   total 205824K, used 73101K [0x0000000700000000, 0x0000000700100648, 0x00000007c0000000)
  region size 1024K, 2 young (2048K), 2 survivors (2048K)
 Metaspace       used 79763K, capacity 84939K, committed 85040K, reserved 1122304K
  class space    used 10883K, capacity 11816K, committed 11824K, reserved 1048576K
}
Event: 1922.128 GC heap before
{Heap before GC invocations=121 (full 29):
 garbage-first heap   total 205824K, used 132493K [0x0000000700000000, 0x0000000700100648, 0x00000007c0000000)
  region size 1024K, 60 young (61440K), 2 survivors (2048K)
 Metaspace       used 79770K, capacity 84939K, committed 85040K, reserved 1122304K
  class space    used 10883K, capacity 11816K, committed 11824K, reserved 1048576K
}
Event: 1922.130 GC heap after
{Heap after GC invocations=122 (full 29):
 garbage-first heap   total 205824K, used 72650K [0x0000000700000000, 0x0000000700100648, 0x00000007c0000000)
  region size 1024K, 1 young (1024K), 1 survivors (1024K)
 Metaspace       used 79770K, capacity 84939K, committed 85040K, reserved 1122304K
  class space    used 10883K, capacity 11816K, committed 11824K, reserved 1048576K
}
Event: 1924.120 GC heap before
{Heap before GC invocations=122 (full 29):
 garbage-first heap   total 205824K, used 133066K [0x0000000700000000, 0x0000000700100648, 0x00000007c0000000)
  region size 1024K, 60 young (61440K), 1 survivors (1024K)
 Metaspace       used 79775K, capacity 84939K, committed 85040K, reserved 1122304K
  class space    used 10883K, capacity 11816K, committed 11824K, reserved 1048576K
}
Event: 1924.122 GC heap after
{Heap after GC invocations=123 (full 29):
 garbage-first heap   total 205824K, used 72421K [0x0000000700000000, 0x0000000700100648, 0x00000007c0000000)
  region size 1024K, 1 young (1024K), 1 survivors (1024K)
 Metaspace       used 79775K, capacity 84939K, committed 85040K, reserved 1122304K
  class space    used 10883K, capacity 11816K, committed 11824K, reserved 1048576K
}
Event: 1942.715 GC heap before
{Heap before GC invocations=123 (full 29):
 garbage-first heap   total 205824K, used 132837K [0x0000000700000000, 0x0000000700100648, 0x00000007c0000000)
  region size 1024K, 60 young (61440K), 1 survivors (1024K)
 Metaspace       used 79802K, capacity 85067K, committed 85296K, reserved 1122304K
  class space    used 10883K, capacity 11816K, committed 11824K, reserved 1048576K
}
Event: 1942.718 GC heap after
{Heap after GC invocations=124 (full 29):
 garbage-first heap   total 205824K, used 72713K [0x0000000700000000, 0x0000000700100648, 0x00000007c0000000)
  region size 1024K, 1 young (1024K), 1 survivors (1024K)
 Metaspace       used 79802K, capacity 85067K, committed 85296K, reserved 1122304K
  class space    used 10883K, capacity 11816K, committed 11824K, reserved 1048576K
}

